2025-08-25 15:46:15,920 - biblioteca_liskov - INFO - Iniciando Sistema de Biblioteca Liskov
2025-08-25 15:54:38,674 - biblioteca_liskov - INFO - Iniciando Sistema de Biblioteca Liskov
2025-08-25 16:12:13,297 - biblioteca_liskov - INFO - Iniciando Sistema de Biblioteca Liskov
2025-08-25 16:14:07,461 - biblioteca_liskov - INFO - Iniciando Sistema de Biblioteca Liskov
2025-08-25 16:17:36,352 - biblioteca_liskov - INFO - Iniciando Sistema de Biblioteca Liskov
2025-08-25 16:23:47,679 - biblioteca_liskov - INFO - Iniciando Sistema de Biblioteca Liskov
2025-08-25 16:33:56,918 - biblioteca_liskov - INFO - Empleado creado: Ana Rodriguez (arodriguez)
2025-08-25 16:33:56,918 - biblioteca_liskov - INFO - Empleado creado: Carlos Martinez (cmartinez)
2025-08-25 16:33:56,919 - biblioteca_liskov - INFO - Empleado creado: Maria Lopez (mlopez)
2025-08-25 16:34:01,032 - biblioteca_liskov - INFO - Iniciando Sistema de Biblioteca Liskov
2025-08-25 16:34:01,034 - biblioteca_liskov - ERROR - Error crítico: 
2025-08-25 17:26:31,367 - biblioteca_liskov - INFO - Iniciando Sistema de Biblioteca Liskov
2025-08-25 17:26:56,321 - biblioteca_liskov - WARNING - Intento de login fallido: contraseña incorrecta para 'arodriguez'
2025-08-25 17:28:04,611 - biblioteca_liskov - INFO - Empleado creado: Ana Rodriguez (arodriguez)
2025-08-25 17:28:04,612 - biblioteca_liskov - INFO - Empleado creado: Carlos Martinez (cmartinez)
2025-08-25 17:28:04,612 - biblioteca_liskov - INFO - Empleado creado: Maria Lopez (mlopez)
2025-08-25 17:28:17,750 - biblioteca_liskov - INFO - Iniciando Sistema de Biblioteca Liskov
2025-08-25 17:28:25,914 - biblioteca_liskov - INFO - Login exitoso: Carlos Martinez (cmartinez)
2025-08-25 17:33:06,121 - biblioteca_liskov - INFO - Iniciando Sistema de Biblioteca Liskov
2025-08-25 17:33:06,123 - biblioteca_liskov - ERROR - Error crítico: 
2025-08-25 18:57:03,864 - biblioteca_liskov - INFO - Iniciando Sistema de Biblioteca Liskov
2025-08-25 18:58:53,707 - biblioteca_liskov - INFO - Login exitoso: Maria Lopez (mlopez)
2025-08-25 18:59:34,342 - biblioteca_liskov - INFO - Usuario registrado: fd
2025-08-25 19:11:41,888 - biblioteca_liskov - INFO - Empleado creado: Admin Biblioteca (admin)
2025-08-25 19:11:41,888 - biblioteca_liskov - INFO - Login exitoso: Admin Biblioteca (admin)
2025-08-25 19:11:41,889 - biblioteca_liskov - INFO - Contraseña cambiada para empleado: Admin Biblioteca
2025-08-25 19:11:41,889 - biblioteca_liskov - INFO - Logout: Admin Biblioteca
2025-08-25 19:11:41,889 - biblioteca_liskov - INFO - Login exitoso: Admin Biblioteca (admin)
2025-08-25 19:11:41,889 - biblioteca_liskov - INFO - Logout: Admin Biblioteca
2025-08-25 19:11:41,889 - biblioteca_liskov - WARNING - Intento de login fallido: contraseña incorrecta para 'admin'
2025-08-25 19:11:41,905 - biblioteca_liskov - INFO - Empleado creado: Test Bibliotecario (testuser)
2025-08-25 19:11:41,905 - biblioteca_liskov - INFO - Login exitoso: Test Bibliotecario (testuser)
2025-08-25 19:11:41,916 - biblioteca_liskov - INFO - Empleado creado: Test Empleado (test2)
2025-08-25 19:11:41,916 - biblioteca_liskov - INFO - Login exitoso: Test Empleado (test2)
2025-08-25 19:11:41,925 - biblioteca_liskov - INFO - Empleado creado: Test User (test)
2025-08-25 19:11:41,925 - biblioteca_liskov - INFO - Login exitoso: Test User (test)
2025-08-25 19:11:41,929 - biblioteca_liskov - INFO - Contraseña cambiada para empleado: Test 
2025-08-25 19:11:41,929 - biblioteca_liskov - INFO - Empleado creado: Nuevo Empleado (nuevo)
2025-08-25 19:11:41,930 - biblioteca_liskov - INFO - Login exitoso: Ana Rodriguez (arodriguez)
2025-08-25 19:11:41,930 - biblioteca_liskov - WARNING - Intento de login fallido: contraseña incorrecta para 'test'
2025-08-25 19:11:41,930 - biblioteca_liskov - WARNING - Intento de login con usuario inactivo: 'test'
2025-08-25 19:11:41,931 - biblioteca_liskov - WARNING - Intento de login fallido: usuario 'inexistente' no encontrado
2025-08-25 19:11:41,931 - biblioteca_liskov - INFO - Login exitoso: Test User (test)
2025-08-25 19:11:41,931 - biblioteca_liskov - INFO - Logout: Test User
