2025-09-03 15:05:34,615 - biblioteca_liskov - INFO - Iniciando Sistema de Biblioteca Liskov
2025-09-03 15:05:40,954 - biblioteca_liskov - WARNING - Intento de login fallido: contraseña incorrecta para 'arodriguez'
2025-09-03 15:05:49,587 - biblioteca_liskov - INFO - Iniciando Sistema de Biblioteca Liskov
2025-09-03 15:05:53,929 - biblioteca_liskov - INFO - Login exitoso: Ana Rodriguez (arodriguez)
2025-09-03 15:10:13,347 - biblioteca_liskov - INFO - Iniciando Sistema de Biblioteca Liskov
2025-09-03 15:10:25,575 - biblioteca_liskov - INFO - Login exitoso: Carlos Martinez (cmartinez)
2025-09-03 15:12:00,617 - biblioteca_liskov - INFO - Préstamo realizado: Usuario maria.gonzalez@universidad.edu, Item Clean Code
2025-09-03 15:28:24,746 - biblioteca_liskov - INFO - Contraseña cambiada para empleado: Test 
2025-09-03 15:28:24,747 - biblioteca_liskov - INFO - Empleado creado: Nuevo Empleado (nuevo)
2025-09-03 15:28:24,747 - biblioteca_liskov - INFO - Login exitoso: Ana Rodriguez (arodriguez)
2025-09-03 15:28:24,748 - biblioteca_liskov - WARNING - Intento de login fallido: contraseña incorrecta para 'test'
2025-09-03 15:28:24,748 - biblioteca_liskov - WARNING - Intento de login con usuario inactivo: 'test'
2025-09-03 15:28:24,748 - biblioteca_liskov - WARNING - Intento de login fallido: usuario 'inexistente' no encontrado
2025-09-03 15:28:24,748 - biblioteca_liskov - INFO - Login exitoso: Test User (test)
2025-09-03 15:28:24,748 - biblioteca_liskov - INFO - Logout: Test User
2025-09-03 15:28:54,172 - biblioteca_liskov - INFO - Contraseña cambiada para empleado: Test 
2025-09-03 15:28:54,172 - biblioteca_liskov - INFO - Empleado creado: Nuevo Empleado (nuevo)
2025-09-03 15:28:54,173 - biblioteca_liskov - INFO - Login exitoso: Ana Rodriguez (arodriguez)
2025-09-03 15:28:54,173 - biblioteca_liskov - WARNING - Intento de login fallido: contraseña incorrecta para 'test'
2025-09-03 15:28:54,173 - biblioteca_liskov - WARNING - Intento de login con usuario inactivo: 'test'
2025-09-03 15:28:54,173 - biblioteca_liskov - WARNING - Intento de login fallido: usuario 'inexistente' no encontrado
2025-09-03 15:28:54,174 - biblioteca_liskov - INFO - Login exitoso: Test User (test)
2025-09-03 15:28:54,174 - biblioteca_liskov - INFO - Logout: Test User
2025-09-03 15:30:35,464 - biblioteca_liskov - INFO - Contraseña cambiada para empleado: Test 
2025-09-03 15:30:35,464 - biblioteca_liskov - INFO - Empleado creado: Nuevo Empleado (nuevo)
2025-09-03 15:30:35,465 - biblioteca_liskov - INFO - Login exitoso: Ana Rodriguez (arodriguez)
2025-09-03 15:30:35,465 - biblioteca_liskov - WARNING - Intento de login fallido: contraseña incorrecta para 'test'
2025-09-03 15:30:35,465 - biblioteca_liskov - WARNING - Intento de login con usuario inactivo: 'test'
2025-09-03 15:30:35,466 - biblioteca_liskov - WARNING - Intento de login fallido: usuario 'inexistente' no encontrado
2025-09-03 15:30:35,466 - biblioteca_liskov - INFO - Login exitoso: Test User (test)
2025-09-03 15:30:35,466 - biblioteca_liskov - INFO - Logout: Test User
2025-09-03 15:31:43,758 - biblioteca_liskov - INFO - Contraseña cambiada para empleado: Test 
2025-09-03 15:31:43,758 - biblioteca_liskov - INFO - Empleado creado: Nuevo Empleado (nuevo)
2025-09-03 15:31:43,758 - biblioteca_liskov - INFO - Login exitoso: Ana Rodriguez (arodriguez)
2025-09-03 15:31:43,759 - biblioteca_liskov - WARNING - Intento de login fallido: contraseña incorrecta para 'test'
2025-09-03 15:31:43,759 - biblioteca_liskov - WARNING - Intento de login con usuario inactivo: 'test'
2025-09-03 15:31:43,759 - biblioteca_liskov - WARNING - Intento de login fallido: usuario 'inexistente' no encontrado
2025-09-03 15:31:43,760 - biblioteca_liskov - INFO - Login exitoso: Test User (test)
2025-09-03 15:31:43,760 - biblioteca_liskov - INFO - Logout: Test User
2025-09-03 15:33:29,674 - biblioteca_liskov - INFO - Contraseña cambiada para empleado: Test 
2025-09-03 15:33:29,674 - biblioteca_liskov - INFO - Empleado creado: Nuevo Empleado (nuevo)
2025-09-03 15:33:29,675 - biblioteca_liskov - INFO - Login exitoso: Ana Rodriguez (arodriguez)
2025-09-03 15:33:29,675 - biblioteca_liskov - WARNING - Intento de login fallido: contraseña incorrecta para 'test'
2025-09-03 15:33:29,675 - biblioteca_liskov - WARNING - Intento de login con usuario inactivo: 'test'
2025-09-03 15:33:29,675 - biblioteca_liskov - WARNING - Intento de login fallido: usuario 'inexistente' no encontrado
2025-09-03 15:33:29,676 - biblioteca_liskov - INFO - Login exitoso: Test User (test)
2025-09-03 15:33:29,676 - biblioteca_liskov - INFO - Logout: Test User
2025-09-03 15:33:33,763 - biblioteca_liskov - INFO - Contraseña cambiada para empleado: Test 
2025-09-03 15:33:33,763 - biblioteca_liskov - INFO - Empleado creado: Nuevo Empleado (nuevo)
2025-09-03 15:33:33,764 - biblioteca_liskov - INFO - Login exitoso: Ana Rodriguez (arodriguez)
2025-09-03 15:33:33,764 - biblioteca_liskov - WARNING - Intento de login fallido: contraseña incorrecta para 'test'
2025-09-03 15:33:33,765 - biblioteca_liskov - WARNING - Intento de login con usuario inactivo: 'test'
2025-09-03 15:33:33,765 - biblioteca_liskov - WARNING - Intento de login fallido: usuario 'inexistente' no encontrado
2025-09-03 15:33:33,765 - biblioteca_liskov - INFO - Login exitoso: Test User (test)
2025-09-03 15:33:33,765 - biblioteca_liskov - INFO - Logout: Test User
2025-09-03 15:33:41,877 - biblioteca_liskov - INFO - Contraseña cambiada para empleado: Test 
2025-09-03 15:33:41,877 - biblioteca_liskov - INFO - Empleado creado: Nuevo Empleado (nuevo)
2025-09-03 15:33:41,879 - biblioteca_liskov - INFO - Login exitoso: Ana Rodriguez (arodriguez)
2025-09-03 15:33:41,879 - biblioteca_liskov - WARNING - Intento de login fallido: contraseña incorrecta para 'test'
2025-09-03 15:33:41,880 - biblioteca_liskov - WARNING - Intento de login con usuario inactivo: 'test'
2025-09-03 15:33:41,880 - biblioteca_liskov - WARNING - Intento de login fallido: usuario 'inexistente' no encontrado
2025-09-03 15:33:41,881 - biblioteca_liskov - INFO - Login exitoso: Test User (test)
2025-09-03 15:33:41,881 - biblioteca_liskov - INFO - Logout: Test User
2025-09-03 15:40:23,890 - biblioteca_liskov - INFO - Contraseña cambiada para empleado: Test 
2025-09-03 15:40:23,891 - biblioteca_liskov - INFO - Empleado creado: Nuevo Empleado (nuevo)
2025-09-03 15:40:23,892 - biblioteca_liskov - INFO - Login exitoso: Ana Rodriguez (arodriguez)
2025-09-03 15:40:23,893 - biblioteca_liskov - WARNING - Intento de login fallido: contraseña incorrecta para 'test'
2025-09-03 15:40:23,893 - biblioteca_liskov - WARNING - Intento de login con usuario inactivo: 'test'
2025-09-03 15:40:23,893 - biblioteca_liskov - WARNING - Intento de login fallido: usuario 'inexistente' no encontrado
2025-09-03 15:40:23,894 - biblioteca_liskov - INFO - Login exitoso: Test User (test)
2025-09-03 15:40:23,894 - biblioteca_liskov - INFO - Logout: Test User
2025-09-03 15:44:05,531 - biblioteca_liskov - INFO - Contraseña cambiada para empleado: Test 
2025-09-03 15:44:05,531 - biblioteca_liskov - INFO - Empleado creado: Nuevo Empleado (nuevo)
2025-09-03 15:44:05,532 - biblioteca_liskov - INFO - Login exitoso: Ana Rodriguez (arodriguez)
2025-09-03 15:44:05,532 - biblioteca_liskov - WARNING - Intento de login fallido: contraseña incorrecta para 'test'
2025-09-03 15:44:05,532 - biblioteca_liskov - WARNING - Intento de login con usuario inactivo: 'test'
2025-09-03 15:44:05,532 - biblioteca_liskov - WARNING - Intento de login fallido: usuario 'inexistente' no encontrado
2025-09-03 15:44:05,533 - biblioteca_liskov - INFO - Login exitoso: Test User (test)
2025-09-03 15:44:05,533 - biblioteca_liskov - INFO - Logout: Test User
2025-09-03 15:44:23,704 - biblioteca_liskov - INFO - Contraseña cambiada para empleado: Test 
2025-09-03 15:44:23,704 - biblioteca_liskov - INFO - Empleado creado: Nuevo Empleado (nuevo)
2025-09-03 15:44:23,705 - biblioteca_liskov - INFO - Login exitoso: Ana Rodriguez (arodriguez)
2025-09-03 15:44:23,705 - biblioteca_liskov - WARNING - Intento de login fallido: contraseña incorrecta para 'test'
2025-09-03 15:44:23,705 - biblioteca_liskov - WARNING - Intento de login con usuario inactivo: 'test'
2025-09-03 15:44:23,706 - biblioteca_liskov - WARNING - Intento de login fallido: usuario 'inexistente' no encontrado
2025-09-03 15:44:23,706 - biblioteca_liskov - INFO - Login exitoso: Test User (test)
2025-09-03 15:44:23,706 - biblioteca_liskov - INFO - Logout: Test User
2025-09-03 16:30:14,795 - biblioteca_liskov - INFO - Empleado creado: Admin Biblioteca (admin)
2025-09-03 16:30:14,795 - biblioteca_liskov - INFO - Login exitoso: Admin Biblioteca (admin)
2025-09-03 16:30:14,796 - biblioteca_liskov - INFO - Contraseña cambiada para empleado: Admin Biblioteca
2025-09-03 16:30:14,796 - biblioteca_liskov - INFO - Logout: Admin Biblioteca
2025-09-03 16:30:14,796 - biblioteca_liskov - INFO - Login exitoso: Admin Biblioteca (admin)
2025-09-03 16:30:14,796 - biblioteca_liskov - INFO - Logout: Admin Biblioteca
2025-09-03 16:30:14,796 - biblioteca_liskov - WARNING - Intento de login fallido: contraseña incorrecta para 'admin'
2025-09-03 16:30:14,808 - biblioteca_liskov - INFO - Empleado creado: Test Bibliotecario (testuser)
2025-09-03 16:30:14,808 - biblioteca_liskov - INFO - Login exitoso: Test Bibliotecario (testuser)
2025-09-03 16:30:14,817 - biblioteca_liskov - INFO - Empleado creado: Test Empleado (test2)
2025-09-03 16:30:14,817 - biblioteca_liskov - INFO - Login exitoso: Test Empleado (test2)
2025-09-03 16:30:14,825 - biblioteca_liskov - INFO - Empleado creado: Test User (test)
2025-09-03 16:30:14,825 - biblioteca_liskov - INFO - Login exitoso: Test User (test)
2025-09-03 16:30:22,743 - biblioteca_liskov - INFO - Empleado creado: Admin Biblioteca (admin)
2025-09-03 16:30:22,744 - biblioteca_liskov - INFO - Login exitoso: Admin Biblioteca (admin)
2025-09-03 16:30:22,744 - biblioteca_liskov - INFO - Contraseña cambiada para empleado: Admin Biblioteca
2025-09-03 16:30:22,744 - biblioteca_liskov - INFO - Logout: Admin Biblioteca
2025-09-03 16:30:22,744 - biblioteca_liskov - INFO - Login exitoso: Admin Biblioteca (admin)
2025-09-03 16:30:22,744 - biblioteca_liskov - INFO - Logout: Admin Biblioteca
2025-09-03 16:30:22,744 - biblioteca_liskov - WARNING - Intento de login fallido: contraseña incorrecta para 'admin'
2025-09-03 16:30:22,756 - biblioteca_liskov - INFO - Empleado creado: Test Bibliotecario (testuser)
2025-09-03 16:30:22,756 - biblioteca_liskov - INFO - Login exitoso: Test Bibliotecario (testuser)
2025-09-03 16:30:22,765 - biblioteca_liskov - INFO - Empleado creado: Test Empleado (test2)
2025-09-03 16:30:22,765 - biblioteca_liskov - INFO - Login exitoso: Test Empleado (test2)
2025-09-03 16:30:22,772 - biblioteca_liskov - INFO - Empleado creado: Test User (test)
2025-09-03 16:30:22,772 - biblioteca_liskov - INFO - Login exitoso: Test User (test)
2025-09-03 16:30:22,776 - biblioteca_liskov - INFO - Contraseña cambiada para empleado: Test 
2025-09-03 16:30:22,776 - biblioteca_liskov - INFO - Empleado creado: Nuevo Empleado (nuevo)
2025-09-03 16:30:22,778 - biblioteca_liskov - INFO - Login exitoso: Ana Rodriguez (arodriguez)
2025-09-03 16:30:22,779 - biblioteca_liskov - WARNING - Intento de login fallido: contraseña incorrecta para 'test'
2025-09-03 16:30:22,779 - biblioteca_liskov - WARNING - Intento de login con usuario inactivo: 'test'
2025-09-03 16:30:22,779 - biblioteca_liskov - WARNING - Intento de login fallido: usuario 'inexistente' no encontrado
2025-09-03 16:30:22,780 - biblioteca_liskov - INFO - Login exitoso: Test User (test)
2025-09-03 16:30:22,780 - biblioteca_liskov - INFO - Logout: Test User
2025-09-03 16:31:01,481 - biblioteca_liskov - INFO - Empleado creado: Admin Biblioteca (admin)
2025-09-03 16:31:01,481 - biblioteca_liskov - INFO - Login exitoso: Admin Biblioteca (admin)
2025-09-03 16:31:01,481 - biblioteca_liskov - INFO - Contraseña cambiada para empleado: Admin Biblioteca
2025-09-03 16:31:01,481 - biblioteca_liskov - INFO - Logout: Admin Biblioteca
2025-09-03 16:31:01,481 - biblioteca_liskov - INFO - Login exitoso: Admin Biblioteca (admin)
2025-09-03 16:31:01,481 - biblioteca_liskov - INFO - Logout: Admin Biblioteca
2025-09-03 16:31:01,482 - biblioteca_liskov - WARNING - Intento de login fallido: contraseña incorrecta para 'admin'
2025-09-03 16:31:01,494 - biblioteca_liskov - INFO - Empleado creado: Test Bibliotecario (testuser)
2025-09-03 16:31:01,494 - biblioteca_liskov - INFO - Login exitoso: Test Bibliotecario (testuser)
2025-09-03 16:31:01,504 - biblioteca_liskov - INFO - Empleado creado: Test Empleado (test2)
2025-09-03 16:31:01,504 - biblioteca_liskov - INFO - Login exitoso: Test Empleado (test2)
2025-09-03 16:31:01,512 - biblioteca_liskov - INFO - Empleado creado: Test User (test)
2025-09-03 16:31:01,512 - biblioteca_liskov - INFO - Login exitoso: Test User (test)
2025-09-03 16:31:01,516 - biblioteca_liskov - INFO - Contraseña cambiada para empleado: Test 
2025-09-03 16:31:01,516 - biblioteca_liskov - INFO - Empleado creado: Nuevo Empleado (nuevo)
2025-09-03 16:31:01,518 - biblioteca_liskov - INFO - Login exitoso: Ana Rodriguez (arodriguez)
2025-09-03 16:31:01,518 - biblioteca_liskov - WARNING - Intento de login fallido: contraseña incorrecta para 'test'
2025-09-03 16:31:01,519 - biblioteca_liskov - WARNING - Intento de login con usuario inactivo: 'test'
2025-09-03 16:31:01,519 - biblioteca_liskov - WARNING - Intento de login fallido: usuario 'inexistente' no encontrado
2025-09-03 16:31:01,519 - biblioteca_liskov - INFO - Login exitoso: Test User (test)
2025-09-03 16:31:01,519 - biblioteca_liskov - INFO - Logout: Test User
